{"/Users/miniponz/projects/fsjs/solo-http/lib/Store.js": {"path":"/Users/miniponz/projects/fsjs/solo-http/lib/Store.js","statementMap":{"0":{"start":{"line":1,"column":19},"end":{"line":1,"column":41}},"1":{"start":{"line":2,"column":13},"end":{"line":2,"column":31}},"2":{"start":{"line":6,"column":4},"end":{"line":6,"column":27}},"3":{"start":{"line":10,"column":16},"end":{"line":10,"column":22}},"4":{"start":{"line":11,"column":22},"end":{"line":11,"column":37}},"5":{"start":{"line":12,"column":25},"end":{"line":12,"column":50}},"6":{"start":{"line":13,"column":4},"end":{"line":14,"column":39}},"7":{"start":{"line":14,"column":19},"end":{"line":14,"column":36}},"8":{"start":{"line":19,"column":4},"end":{"line":21,"column":26}},"9":{"start":{"line":20,"column":19},"end":{"line":20,"column":34}},"10":{"start":{"line":21,"column":20},"end":{"line":21,"column":24}},"11":{"start":{"line":25,"column":4},"end":{"line":28,"column":9}},"12":{"start":{"line":27,"column":8},"end":{"line":27,"column":67}},"13":{"start":{"line":27,"column":47},"end":{"line":27,"column":64}},"14":{"start":{"line":32,"column":18},"end":{"line":32,"column":32}},"15":{"start":{"line":33,"column":4},"end":{"line":34,"column":27}},"16":{"start":{"line":34,"column":18},"end":{"line":34,"column":25}},"17":{"start":{"line":38,"column":23},"end":{"line":38,"column":48}},"18":{"start":{"line":39,"column":26},"end":{"line":39,"column":52}},"19":{"start":{"line":40,"column":4},"end":{"line":44,"column":38}},"20":{"start":{"line":42,"column":8},"end":{"line":42,"column":51}},"21":{"start":{"line":42,"column":23},"end":{"line":42,"column":51}},"22":{"start":{"line":43,"column":8},"end":{"line":43,"column":87}},"23":{"start":{"line":44,"column":18},"end":{"line":44,"column":36}},"24":{"start":{"line":48,"column":4},"end":{"line":49,"column":99}},"25":{"start":{"line":49,"column":21},"end":{"line":49,"column":97}},"26":{"start":{"line":49,"column":51},"end":{"line":49,"column":95}},"27":{"start":{"line":53,"column":4},"end":{"line":53,"column":36}},"28":{"start":{"line":57,"column":0},"end":{"line":57,"column":23}}},"fnMap":{"0":{"name":"(anonymous_0)","decl":{"start":{"line":5,"column":2},"end":{"line":5,"column":3}},"loc":{"start":{"line":5,"column":23},"end":{"line":7,"column":3}},"line":5},"1":{"name":"(anonymous_1)","decl":{"start":{"line":9,"column":2},"end":{"line":9,"column":3}},"loc":{"start":{"line":9,"column":14},"end":{"line":15,"column":3}},"line":9},"2":{"name":"(anonymous_2)","decl":{"start":{"line":14,"column":12},"end":{"line":14,"column":13}},"loc":{"start":{"line":14,"column":18},"end":{"line":14,"column":37}},"line":14},"3":{"name":"(anonymous_3)","decl":{"start":{"line":18,"column":2},"end":{"line":18,"column":3}},"loc":{"start":{"line":18,"column":16},"end":{"line":22,"column":3}},"line":18},"4":{"name":"(anonymous_4)","decl":{"start":{"line":20,"column":12},"end":{"line":20,"column":13}},"loc":{"start":{"line":20,"column":19},"end":{"line":20,"column":34}},"line":20},"5":{"name":"(anonymous_5)","decl":{"start":{"line":21,"column":12},"end":{"line":21,"column":13}},"loc":{"start":{"line":21,"column":20},"end":{"line":21,"column":24}},"line":21},"6":{"name":"(anonymous_6)","decl":{"start":{"line":24,"column":2},"end":{"line":24,"column":3}},"loc":{"start":{"line":24,"column":9},"end":{"line":29,"column":3}},"line":24},"7":{"name":"(anonymous_7)","decl":{"start":{"line":26,"column":12},"end":{"line":26,"column":13}},"loc":{"start":{"line":26,"column":25},"end":{"line":28,"column":7}},"line":26},"8":{"name":"(anonymous_8)","decl":{"start":{"line":27,"column":41},"end":{"line":27,"column":42}},"loc":{"start":{"line":27,"column":47},"end":{"line":27,"column":64}},"line":27},"9":{"name":"(anonymous_9)","decl":{"start":{"line":31,"column":2},"end":{"line":31,"column":3}},"loc":{"start":{"line":31,"column":25},"end":{"line":35,"column":3}},"line":31},"10":{"name":"(anonymous_10)","decl":{"start":{"line":34,"column":12},"end":{"line":34,"column":13}},"loc":{"start":{"line":34,"column":18},"end":{"line":34,"column":25}},"line":34},"11":{"name":"(anonymous_11)","decl":{"start":{"line":37,"column":2},"end":{"line":37,"column":3}},"loc":{"start":{"line":37,"column":40},"end":{"line":45,"column":3}},"line":37},"12":{"name":"(anonymous_12)","decl":{"start":{"line":41,"column":12},"end":{"line":41,"column":13}},"loc":{"start":{"line":41,"column":25},"end":{"line":43,"column":88}},"line":41},"13":{"name":"(anonymous_13)","decl":{"start":{"line":44,"column":12},"end":{"line":44,"column":13}},"loc":{"start":{"line":44,"column":18},"end":{"line":44,"column":36}},"line":44},"14":{"name":"(anonymous_14)","decl":{"start":{"line":47,"column":2},"end":{"line":47,"column":3}},"loc":{"start":{"line":47,"column":9},"end":{"line":50,"column":3}},"line":47},"15":{"name":"(anonymous_15)","decl":{"start":{"line":49,"column":12},"end":{"line":49,"column":13}},"loc":{"start":{"line":49,"column":21},"end":{"line":49,"column":97}},"line":49},"16":{"name":"(anonymous_16)","decl":{"start":{"line":49,"column":43},"end":{"line":49,"column":44}},"loc":{"start":{"line":49,"column":51},"end":{"line":49,"column":95}},"line":49},"17":{"name":"(anonymous_17)","decl":{"start":{"line":52,"column":2},"end":{"line":52,"column":3}},"loc":{"start":{"line":52,"column":22},"end":{"line":54,"column":3}},"line":52}},"branchMap":{"0":{"loc":{"start":{"line":42,"column":8},"end":{"line":42,"column":51}},"type":"if","locations":[{"start":{"line":42,"column":8},"end":{"line":42,"column":51}},{"start":{"line":42,"column":8},"end":{"line":42,"column":51}}],"line":42}},"s":{"0":1,"1":1,"2":6,"3":10,"4":10,"5":10,"6":10,"7":10,"8":8,"9":8,"10":8,"11":2,"12":2,"13":5,"14":1,"15":1,"16":1,"17":1,"18":1,"19":1,"20":1,"21":0,"22":1,"23":1,"24":7,"25":7,"26":9,"27":29,"28":1},"f":{"0":6,"1":10,"2":10,"3":8,"4":8,"5":8,"6":2,"7":2,"8":5,"9":1,"10":1,"11":1,"12":1,"13":1,"14":7,"15":7,"16":9,"17":29},"b":{"0":[0,1]},"_coverageSchema":"43e27e138ebf9cfc5966b082cf9a028302ed4184","hash":"6f62c9e21f53881b428d781735270e1866972573"}
}
